<?xml version="1.0" encoding="UTF-8"?>
<!-- Generated by org.testng.reporters.JUnitReportReporter -->
<testsuite skipped="0" hostname="LAPTOP-POAGQJIB" name="com.TestScripts.TC_signUp_Purchase" tests="1" failures="0" timestamp="12 Apr 2020 15:47:59 GMT" time="15.134" errors="1">
  <testcase name="testcase2" time="15.134" classname="com.TestScripts.TC_signUp_Purchase">
    <error type="org.openqa.selenium.SessionNotCreatedException" message="session not created
from chrome not reachable
  (Session info: chrome=80.0.3987.163)
Build info: version: &#039;3.6.0&#039;, revision: &#039;6fbf3ec767&#039;, time: &#039;2017-09-27T15:28:36.4Z&#039;
System info: host: &#039;LAPTOP-POAGQJIB&#039;, ip: &#039;192.168.0.102&#039;, os.name: &#039;Windows 10&#039;, os.arch: &#039;amd64&#039;, os.version: &#039;10.0&#039;, java.version: &#039;1.8.0_241&#039;
Driver info: driver.version: ChromeDriver
remote stacktrace: Backtrace:
	Ordinal0 [0x00500C83+1707139]
	Ordinal0 [0x004668F1+1075441]
	Ordinal0 [0x003DDE72+515698]
	Ordinal0 [0x003D7CA8+490664]
	Ordinal0 [0x003D839B+492443]
	Ordinal0 [0x003D92F5+496373]
	Ordinal0 [0x003D4F05+478981]
	Ordinal0 [0x003DECA0+519328]
	Ordinal0 [0x0038CA67+182887]
	Ordinal0 [0x0038BDDD+179677]
	Ordinal0 [0x00389D4B+171339]
	Ordinal0 [0x00371D4A+73034]
	Ordinal0 [0x00372DC0+77248]
	Ordinal0 [0x00372D59+77145]
	Ordinal0 [0x0047BB67+1162087]
	GetHandleVerifier [0x0059A966+508998]
	GetHandleVerifier [0x0059A6A4+508292]
	GetHandleVerifier [0x005AF7B7+594583]
	GetHandleVerifier [0x0059B1D6+511158]
	Ordinal0 [0x0047402C+1130540]
	Ordinal0 [0x0047D4CB+1168587]
	Ordinal0 [0x0047D633+1168947]
	Ordinal0 [0x00495B35+1268533]
	BaseThreadInitThunk [0x772B6359+25]
	RtlGetAppContainerNamedObjectPath [0x777B7B74+228]
	RtlGetAppContainerNamedObjectPath [0x777B7B44+180]
">
      <![CDATA[org.openqa.selenium.SessionNotCreatedException: session not created
from chrome not reachable
  (Session info: chrome=80.0.3987.163)
Build info: version: '3.6.0', revision: '6fbf3ec767', time: '2017-09-27T15:28:36.4Z'
System info: host: 'LAPTOP-POAGQJIB', ip: '192.168.0.102', os.name: 'Windows 10', os.arch: 'amd64', os.version: '10.0', java.version: '1.8.0_241'
Driver info: driver.version: ChromeDriver
remote stacktrace: Backtrace:
	Ordinal0 [0x00500C83+1707139]
	Ordinal0 [0x004668F1+1075441]
	Ordinal0 [0x003DDE72+515698]
	Ordinal0 [0x003D7CA8+490664]
	Ordinal0 [0x003D839B+492443]
	Ordinal0 [0x003D92F5+496373]
	Ordinal0 [0x003D4F05+478981]
	Ordinal0 [0x003DECA0+519328]
	Ordinal0 [0x0038CA67+182887]
	Ordinal0 [0x0038BDDD+179677]
	Ordinal0 [0x00389D4B+171339]
	Ordinal0 [0x00371D4A+73034]
	Ordinal0 [0x00372DC0+77248]
	Ordinal0 [0x00372D59+77145]
	Ordinal0 [0x0047BB67+1162087]
	GetHandleVerifier [0x0059A966+508998]
	GetHandleVerifier [0x0059A6A4+508292]
	GetHandleVerifier [0x005AF7B7+594583]
	GetHandleVerifier [0x0059B1D6+511158]
	Ordinal0 [0x0047402C+1130540]
	Ordinal0 [0x0047D4CB+1168587]
	Ordinal0 [0x0047D633+1168947]
	Ordinal0 [0x00495B35+1268533]
	BaseThreadInitThunk [0x772B6359+25]
	RtlGetAppContainerNamedObjectPath [0x777B7B74+228]
	RtlGetAppContainerNamedObjectPath [0x777B7B44+180]

	at sun.reflect.NativeConstructorAccessorImpl.newInstance0(Native Method)
	at sun.reflect.NativeConstructorAccessorImpl.newInstance(NativeConstructorAccessorImpl.java:62)
	at sun.reflect.DelegatingConstructorAccessorImpl.newInstance(DelegatingConstructorAccessorImpl.java:45)
	at java.lang.reflect.Constructor.newInstance(Constructor.java:423)
	at org.openqa.selenium.remote.W3CHandshakeResponse.lambda$new$0(W3CHandshakeResponse.java:57)
	at org.openqa.selenium.remote.W3CHandshakeResponse.lambda$getResponseFunction$2(W3CHandshakeResponse.java:104)
	at org.openqa.selenium.remote.ProtocolHandshake.lambda$createSession$24(ProtocolHandshake.java:359)
	at java.util.stream.ReferencePipeline$3$1.accept(ReferencePipeline.java:193)
	at java.util.Spliterators$ArraySpliterator.tryAdvance(Spliterators.java:958)
	at java.util.stream.ReferencePipeline.forEachWithCancel(ReferencePipeline.java:126)
	at java.util.stream.AbstractPipeline.copyIntoWithCancel(AbstractPipeline.java:499)
	at java.util.stream.AbstractPipeline.copyInto(AbstractPipeline.java:486)
	at java.util.stream.AbstractPipeline.wrapAndCopyInto(AbstractPipeline.java:472)
	at java.util.stream.FindOps$FindOp.evaluateSequential(FindOps.java:152)
	at java.util.stream.AbstractPipeline.evaluate(AbstractPipeline.java:234)
	at java.util.stream.ReferencePipeline.findFirst(ReferencePipeline.java:464)
	at org.openqa.selenium.remote.ProtocolHandshake.createSession(ProtocolHandshake.java:362)
	at org.openqa.selenium.remote.ProtocolHandshake.createSession(ProtocolHandshake.java:136)
	at org.openqa.selenium.remote.HttpCommandExecutor.execute(HttpCommandExecutor.java:142)
	at org.openqa.selenium.remote.service.DriverCommandExecutor.execute(DriverCommandExecutor.java:83)
	at org.openqa.selenium.remote.RemoteWebDriver.execute(RemoteWebDriver.java:586)
	at org.openqa.selenium.remote.RemoteWebDriver.startSession(RemoteWebDriver.java:217)
	at org.openqa.selenium.remote.RemoteWebDriver.<init>(RemoteWebDriver.java:140)
	at org.openqa.selenium.chrome.ChromeDriver.<init>(ChromeDriver.java:181)
	at org.openqa.selenium.chrome.ChromeDriver.<init>(ChromeDriver.java:168)
	at org.openqa.selenium.chrome.ChromeDriver.<init>(ChromeDriver.java:157)
	at com.TestBase.Test_Base.selectBrowser(Test_Base.java:76)
	at com.TestBase.Test_Base.init(Test_Base.java:35)
	at com.TestScripts.TC_signUp_Purchase.testcase2(TC_signUp_Purchase.java:34)
	at sun.reflect.NativeMethodAccessorImpl.invoke0(Native Method)
	at sun.reflect.NativeMethodAccessorImpl.invoke(NativeMethodAccessorImpl.java:62)
	at sun.reflect.DelegatingMethodAccessorImpl.invoke(DelegatingMethodAccessorImpl.java:43)
	at java.lang.reflect.Method.invoke(Method.java:498)
	at org.testng.internal.MethodInvocationHelper.invokeMethod(MethodInvocationHelper.java:108)
	at org.testng.internal.Invoker.invokeMethod(Invoker.java:661)
	at org.testng.internal.Invoker.invokeTestMethod(Invoker.java:869)
	at org.testng.internal.Invoker.invokeTestMethods(Invoker.java:1193)
	at org.testng.internal.TestMethodWorker.invokeTestMethods(TestMethodWorker.java:126)
	at org.testng.internal.TestMethodWorker.run(TestMethodWorker.java:109)
	at org.testng.TestRunner.privateRun(TestRunner.java:744)
	at org.testng.TestRunner.run(TestRunner.java:602)
	at org.testng.SuiteRunner.runTest(SuiteRunner.java:380)
	at org.testng.SuiteRunner.runSequentially(SuiteRunner.java:375)
	at org.testng.SuiteRunner.privateRun(SuiteRunner.java:340)
	at org.testng.SuiteRunner.run(SuiteRunner.java:289)
	at org.testng.SuiteRunnerWorker.runSuite(SuiteRunnerWorker.java:52)
	at org.testng.SuiteRunnerWorker.run(SuiteRunnerWorker.java:86)
	at org.testng.TestNG.runSuitesSequentially(TestNG.java:1301)
	at org.testng.TestNG.runSuitesLocally(TestNG.java:1226)
	at org.testng.TestNG.runSuites(TestNG.java:1144)
	at org.testng.TestNG.run(TestNG.java:1115)
	at org.apache.maven.surefire.testng.TestNGExecutor.run(TestNGExecutor.java:178)
	at org.apache.maven.surefire.testng.TestNGXmlTestSuite.execute(TestNGXmlTestSuite.java:92)
	at org.apache.maven.surefire.testng.TestNGProvider.invoke(TestNGProvider.java:96)
	at sun.reflect.NativeMethodAccessorImpl.invoke0(Native Method)
	at sun.reflect.NativeMethodAccessorImpl.invoke(NativeMethodAccessorImpl.java:62)
	at sun.reflect.DelegatingMethodAccessorImpl.invoke(DelegatingMethodAccessorImpl.java:43)
	at java.lang.reflect.Method.invoke(Method.java:498)
	at org.apache.maven.surefire.util.ReflectionUtils.invokeMethodWithArray2(ReflectionUtils.java:208)
	at org.apache.maven.surefire.booter.ProviderFactory$ProviderProxy.invoke(ProviderFactory.java:159)
	at org.apache.maven.surefire.booter.ProviderFactory.invokeProvider(ProviderFactory.java:87)
	at org.apache.maven.surefire.booter.ForkedBooter.runSuitesInProcess(ForkedBooter.java:153)
	at org.apache.maven.surefire.booter.ForkedBooter.main(ForkedBooter.java:95)
]]>
    </error>
  </testcase> <!-- testcase2 -->
</testsuite> <!-- com.TestScripts.TC_signUp_Purchase -->
